Removed Pin From Net: NetName=+5V Pin=U1-21
Removed Pin From Net: NetName=GND Pin=U1-22
Removed Pin From Net: NetName=NetC8_2 Pin=U1-23
Removed Pin From Net: NetName=NetC9_2 Pin=U1-24
Removed Pin From Net: NetName=+5V Pin=U1-52
Removed Pin From Net: NetName=GND Pin=U1-53
Removed Pin From Net: NetName=NetC7_1 Pin=U1-62
Removed Pin From Net: NetName=GND Pin=U1-63
Removed Pin From Net: NetName=VDDA Pin=U1-64
Removed Member From Class: ClassName=main Member=U1
Added Component: Designator=U?(*QFP80P1600X1600X120-64N)
Add component. Clean all parameters for all variants
Add component (AddParameter): Name = "Availability"; Value = "Unavailable"; VariantName = "[No Variations]"
Add component (AddParameter): Name = "MF"; Value = "Microchip"; VariantName = "[No Variations]"
Add component (AddParameter): Name = "MP"; Value = "AT90CAN128-16AI"; VariantName = "[No Variations]"
Add component (AddParameter): Name = "Package"; Value = "TQFP-64 Microchip"; VariantName = "[No Variations]"
Add component (AddParameter): Name = "Price"; Value = "None"; VariantName = "[No Variations]"
Add component (AddParameter): Name = "SnapEDA_Link"; Value = "https://www.snapeda.com/parts/AT90CAN128-16AI/Microchip/view-part/?ref=snap"; VariantName = "[No Variations]"
Add component (AddParameter): Name = "Value"; Value = ""; VariantName = "[No Variations]"
Added Pin To Net: NetName=+5V Pin=U?-21
Added Pin To Net: NetName=GND Pin=U?-22
Added Pin To Net: NetName=NetC8_2 Pin=U?-23
Added Pin To Net: NetName=NetC9_2 Pin=U?-24
Added Pin To Net: NetName=+5V Pin=U?-52
Added Pin To Net: NetName=GND Pin=U?-53
Added Pin To Net: NetName=NetC7_1 Pin=U?-62
Added Pin To Net: NetName=GND Pin=U?-63
Added Pin To Net: NetName=VDDA Pin=U?-64
Added Pin To Net: NetName=NetU2_5 Pin=U2-5
Added Pin To Net: NetName=NetU2_5 Pin=U3-5
Added Pin To Net: NetName=NetU2_5 Pin=U?-11
Added Net: Name=NetU2_5
Added Pin To Net: NetName=NetU2_6 Pin=U2-6
Added Pin To Net: NetName=NetU2_6 Pin=U3-6
Added Pin To Net: NetName=NetU2_6 Pin=U?-10
Added Net: Name=NetU2_6
Added Pin To Net: NetName=NetU2_7 Pin=U2-7
Added Pin To Net: NetName=NetU2_7 Pin=U3-7
Added Pin To Net: NetName=NetU2_7 Pin=U?-13
Added Net: Name=NetU2_7
Added Pin To Net: NetName=NetU5_1 Pin=U5-1
Added Pin To Net: NetName=NetU5_1 Pin=U?-30
Added Net: Name=NetU5_1
Added Pin To Net: NetName=NetU5_4 Pin=U5-4
Added Pin To Net: NetName=NetU5_4 Pin=U?-31
Added Net: Name=NetU5_4
Added Pin To Net: NetName=NetU?_20 Pin=U?-20
Added Net: Name=NetU?_20
Added Pin To Net: NetName=NetU?_54 Pin=U?-54
Added Net: Name=NetU?_54
Added Pin To Net: NetName=NetU?_55 Pin=U?-55
Added Net: Name=NetU?_55
Added Pin To Net: NetName=NetU?_56 Pin=U?-56
Added Net: Name=NetU?_56
Added Pin To Net: NetName=NetU?_57 Pin=U?-57
Added Net: Name=NetU?_57
Added Member To Class: ClassName=main Member=Component U? AT90CAN128-16AI
Added Room: Name=main
