Change component parameters: Designator = "R1"; Footprint = "STACKPOLE CSR0603"; UniqueID = "\OYCJLGNH"
Change component parameters. Clean all parameters for all variants
Change component parameters (AddParameter): Name = "Value"; Value = "100"; VariantName = "[No Variations]"
Added Component: Designator=C12(CAP 0603/1608)
Add component. Clean all parameters for all variants
Add component (AddParameter): Name = "Value"; Value = "100nF"; VariantName = "[No Variations]"
Added Component: Designator=C13(CAP 0603/1608)
Add component. Clean all parameters for all variants
Add component (AddParameter): Name = "Value"; Value = "1uF"; VariantName = "[No Variations]"
Added Component: Designator=C14(CAP 0603/1608)
Add component. Clean all parameters for all variants
Add component (AddParameter): Name = "Value"; Value = "1uF"; VariantName = "[No Variations]"
Added Component: Designator=R2(STACKPOLE CSR0603)
Add component. Clean all parameters for all variants
Add component (AddParameter): Name = "Value"; Value = "10k"; VariantName = "[No Variations]"
Added Component: Designator=U5(*SOIC127P600X175-8N)
Add component. Clean all parameters for all variants
Add component (AddParameter): Name = "Availability"; Value = "Unavailable"; VariantName = "[No Variations]"
Add component (AddParameter): Name = "MF"; Value = "Microchip"; VariantName = "[No Variations]"
Add component (AddParameter): Name = "MP"; Value = "MCP2551-I/SN"; VariantName = "[No Variations]"
Add component (AddParameter): Name = "Package"; Value = "SOIC-8 Microchip"; VariantName = "[No Variations]"
Add component (AddParameter): Name = "Price"; Value = "None"; VariantName = "[No Variations]"
Add component (AddParameter): Name = "SnapEDA_Link"; Value = "https://www.snapeda.com/parts/MCP2551-I/SN/Microchip/view-part/?ref=snap"; VariantName = "[No Variations]"
Add component (AddParameter): Name = "Value"; Value = ""; VariantName = "[No Variations]"
Added Component: Designator=U6(PCBComponent_1)
Add component. Clean all parameters for all variants
Added Pin To Net: NetName=GND Pin=C12-1
Added Pin To Net: NetName=+5V Pin=C12-2
Added Pin To Net: NetName=GND Pin=C13-1
Added Pin To Net: NetName=+5V Pin=C13-2
Added Pin To Net: NetName=+5V Pin=C14-1
Added Pin To Net: NetName=GND Pin=C14-2
Added Pin To Net: NetName=GND Pin=R2-1
Added Pin To Net: NetName=NetU1_30 Pin=U5-1
Added Pin To Net: NetName=GND Pin=U5-2
Added Pin To Net: NetName=+5V Pin=U5-3
Added Pin To Net: NetName=NetU1_31 Pin=U5-4
Added Pin To Net: NetName=GND Pin=U6-1
Added Pin To Net: NetName=+5V Pin=U6-2
Added Pin To Net: NetName=GND Pin=U6-3
Added Pin To Net: NetName=GND Pin=U6-6
Added Pin To Net: NetName=NetR2_2 Pin=R2-2
Added Pin To Net: NetName=NetR2_2 Pin=U5-8
Added Net: Name=NetR2_2
Added Pin To Net: NetName=NetU5_6 Pin=U5-6
Added Net: Name=NetU5_6
Added Pin To Net: NetName=NetU5_7 Pin=U5-7
Added Net: Name=NetU5_7
Added Pin To Net: NetName=NetU6_4 Pin=U6-4
Added Net: Name=NetU6_4
Added Member To Class: ClassName=main Member=Component C12 SMD Capacitor
Added Member To Class: ClassName=main Member=Component C13 SMD Capacitor
Added Member To Class: ClassName=main Member=Component C14 SMD Capacitor
Added Member To Class: ClassName=main Member=Component R2 SMD Resistor
Added Member To Class: ClassName=main Member=Component U5 MCP2551-I/SN
Added Member To Class: ClassName=main Member=Component U6 ADXL1001/2
Added Room: Name=main
